starting worker pid=22004 on localhost:11473 at 22:58:26.076
starting worker pid=21200 on localhost:11473 at 22:58:26.098
starting worker pid=22072 on localhost:11473 at 22:58:26.159
starting worker pid=22068 on localhost:11473 at 22:58:26.163
starting worker pid=18980 on localhost:11473 at 22:58:26.202
starting worker pid=18476 on localhost:11473 at 22:58:26.218

Attaching package: 'dplyr'

The following objects are masked from 'package:stats':

    filter, lag

The following objects are masked from 'package:base':

    intersect, setdiff, setequal, union


Attaching package: 'dplyr'

The following objects are masked from 'package:stats':

    filter, lag

The following objects are masked from 'package:base':

    intersect, setdiff, setequal, union

The following objects are masked from 'package:stats':

    filter, lag

The following objects are masked from 'package:base':

    intersect, setdiff, setequal, union

Cluster Sub-network processing - 1 - Start:					00:00:05
Cluster simple features processing - 1 - Start:					00:00:06
Norm/orth processing
Cluster Sub-network processing - 2 - Start:					00:00:05
Cluster simple features processing - 2 - Start:					00:00:06
Norm/orth processing
Cluster Sub-network processing - 3 - Start:					00:00:05
Cluster simple features processing - 3 - Start:					00:00:06
Norm/orth processing

Attaching package: 'dplyr'

The following objects are masked from 'package:stats':

    filter, lag

The following objects are masked from 'package:base':

    intersect, setdiff, setequal, union


Attaching package: 'dplyr'

The following objects are masked from 'package:stats':

    filter, lag

The following objects are masked from 'package:base':

    intersect, setdiff, setequal, union


Attaching package: 'dplyr'

The following objects are masked from 'package:stats':

    filter, lag

The following objects are masked from 'package:base':

    intersect, setdiff, setequal, union

Cluster Sub-network processing - 4 - Start:					00:00:06
Cluster simple features processing - 4 - Start:					00:00:06
Norm/orth processing
Cluster Sub-network processing - 5 - Start:					00:00:06
Cluster Sub-network processing - 6 - Start:					00:00:06
Cluster simple features processing - 5 - Start:					00:00:06
Cluster simple features processing - 6 - Start:					00:00:06
Norm/orth processing
Norm/orth processing
Cluster simple features processing - 1 - Complete:				00:00:09
Cluster simple features processing - 2 - Complete:				00:00:09
Cluster simple features processing - 3 - Complete:				00:00:09
Reduce comparison network - latitude/longitude - 1 - Start:			00:00:09

Reduce comparison network - latitude/longitude - 3 - Start:			00:00:09
Reduce comparison network - latitude/longitude - 1 - Complete:			00:00:09
Reduce comparison network - simple features - 1 - Start:		00:00:09
Number of Cluster Edges - 1:		2060
Reduce comparison network - latitude/longitude - 2 - Complete:			00:00:09
Number of Comparison Edges - 1:		4650
Reduce comparison network - simple features - 2 - Start:		00:00:09
Number of Cluster Edges - 2:		1884
Number of Comparison Edges - 2:		6457
Reduce comparison network - latitude/longitude - 3 - Complete:			00:00:09
Cluster simple features processing - 4 - Complete:				00:00:09
Reduce comparison network - simple features - 3 - Start:		00:00:09
Number of Cluster Edges - 3:		1825
Number of Comparison Edges - 3:		5139
Extract simple feature geometries:						00:00:09
Identify Edges within defined distance of cluster network:			00:00:09
Extract simple feature geometries:						00:00:09
Identify Edges within defined distance of cluster network:			00:00:09
Extract simple feature geometries:						00:00:09
Identify Edges within defined distance of cluster network:			00:00:09
Reduce comparison network - latitude/longitude - 4 - Start:			00:00:09
Cluster simple features processing - 5 - Complete:				00:00:09
Cluster simple features processing - 6 - Complete:				00:00:09
Reduce comparison network - latitude/longitude - 5 - Start:			00:00:09
Reduce comparison network - latitude/longitude - 6 - Start:			00:00:09
Reduce comparison network - latitude/longitude - 4 - Complete:			00:00:09
Reduce comparison network - simple features - 4 - Start:		00:00:09
Number of Cluster Edges - 4:		2182
Number of Comparison Edges - 4:		6891
Extract simple feature geometries:						00:00:09
Identify Edges within defined distance of cluster network:			00:00:09
Reduce comparison network - latitude/longitude - 5 - Complete:			00:00:10
Reduce comparison network - simple features - 5 - Start:		00:00:10
Number of Cluster Edges - 5:		2457
Number of Comparison Edges - 5:		6204
Reduce comparison network - latitude/longitude - 6 - Complete:			00:00:10
Reduce comparison network - simple features - 6 - Start:		00:00:10
Number of Cluster Edges - 6:		2318
Number of Comparison Edges - 6:		7364
Extract simple feature geometries:						00:00:10
Identify Edges within defined distance of cluster network:			00:00:10
Extract simple feature geometries:						00:00:10
Identify Edges within defined distance of cluster network:			00:00:10
Reduce matrix to yes/no vector:			00:00:31
Reduce matrix to yes/no vector:			00:00:32
Reduce comparison network - simple features - 3 - Complete:		00:00:32
Cluster Sub-network processing - 3 - Complete:					00:00:32
Compare Parallel Segments - Start:						00:00:32
Cluster Sub-network Size:							1825
Comparison Network Size:							2056


################################################################################
Iteration:									1

################################################################################
Iteration:									2

################################################################################
Iteration:									3
Reduce comparison network - simple features - 1 - Complete:		00:00:33
Cluster Sub-network processing - 1 - Complete:					00:00:33

################################################################################
Iteration:									4
Compare Parallel Segments - Start:						00:00:33
Cluster Sub-network Size:							2060
Comparison Network Size:							2153


################################################################################
Iteration:									5

################################################################################
Iteration:									1

################################################################################
Iteration:									6

################################################################################
Iteration:									2

################################################################################
Iteration:									3

################################################################################
Iteration:									4

################################################################################
Iteration:									7

################################################################################
Iteration:									5

################################################################################
Iteration:									8

################################################################################
Iteration:									6

################################################################################
Iteration:									9

################################################################################
Iteration:									7

################################################################################
Iteration:									10

################################################################################
Iteration:									8

################################################################################
Iteration:									11

################################################################################
Iteration:									9

################################################################################
Iteration:									12

################################################################################
Iteration:									10

################################################################################
Iteration:									13

################################################################################
Iteration:									11

################################################################################
Iteration:									14

################################################################################
Iteration:									12

################################################################################
Iteration:									15

################################################################################
Iteration:									13

################################################################################
Iteration:									16

################################################################################
Iteration:									14

################################################################################
Iteration:									17

################################################################################
Iteration:									15

################################################################################
Iteration:									18

################################################################################
Iteration:									16

################################################################################
Iteration:									17

################################################################################
Iteration:									19

################################################################################
Iteration:									18

################################################################################
Iteration:									20

################################################################################
Iteration:									19

################################################################################
Iteration:									21

################################################################################
Iteration:									20

################################################################################
Iteration:									22

################################################################################
Iteration:									21

################################################################################
Iteration:									23

################################################################################
Iteration:									22

################################################################################
Iteration:									24

################################################################################
Iteration:									23

################################################################################
Iteration:									25

################################################################################
Iteration:									24

################################################################################
Iteration:									26

################################################################################
Iteration:									25

################################################################################
Iteration:									27

################################################################################
Iteration:									26

################################################################################
Iteration:									28

################################################################################
Iteration:									27

################################################################################
Iteration:									28

################################################################################
Iteration:									29

################################################################################
Iteration:									29

################################################################################
Iteration:									30

################################################################################
Iteration:									30

################################################################################
Iteration:									31

################################################################################
Iteration:									31

################################################################################
Iteration:									32

################################################################################
Iteration:									32

################################################################################
Iteration:									33

################################################################################
Iteration:									33

################################################################################
Iteration:									34

################################################################################
Iteration:									34

################################################################################
Iteration:									35

################################################################################
Iteration:									35

################################################################################
Iteration:									36

################################################################################
Iteration:									36

################################################################################
Iteration:									37

################################################################################
Iteration:									38

################################################################################
Iteration:									37

################################################################################
Iteration:									39

################################################################################
Iteration:									38

################################################################################
Iteration:									40

################################################################################
Iteration:									39

################################################################################
Iteration:									41

################################################################################
Iteration:									40

################################################################################
Iteration:									42

################################################################################
Iteration:									41

################################################################################
Iteration:									43
Reduce matrix to yes/no vector:			00:00:40

################################################################################
Iteration:									44

################################################################################
Iteration:									42

################################################################################
Iteration:									45

################################################################################
Iteration:									43

################################################################################
Iteration:									46

################################################################################
Iteration:									44

################################################################################
Iteration:									47

################################################################################
Iteration:									45

################################################################################
Iteration:									48

################################################################################
Iteration:									46

################################################################################
Iteration:									49
Reduce comparison network - simple features - 2 - Complete:		00:00:40
Cluster Sub-network processing - 2 - Complete:					00:00:40

################################################################################
Iteration:									47
 
********************************************************************************
Iteration:						50
Time Elapsed:						00:00:40
********************************************************************************
 

################################################################################
Iteration:									50

################################################################################
Iteration:									48
Compare Parallel Segments - Start:						00:00:41
Cluster Sub-network Size:							1884
Comparison Network Size:							1988


################################################################################
Iteration:									51

################################################################################
Iteration:									1

################################################################################
Iteration:									2

################################################################################
Iteration:									52

################################################################################
Iteration:									49

################################################################################
Iteration:									3

################################################################################
Iteration:									53
 

********************************************************************************
################################################################################
Iteration:						50
Iteration:									4
Time Elapsed:						00:00:41
********************************************************************************
 

################################################################################
Iteration:									50

################################################################################
Iteration:									54

################################################################################
Iteration:									5

################################################################################
Iteration:									55

################################################################################
Iteration:									51

################################################################################
Iteration:									6

################################################################################
Iteration:									56

################################################################################
Iteration:									7

################################################################################
Iteration:									57

################################################################################
Iteration:									52

################################################################################
Iteration:									8

################################################################################
Iteration:									53

################################################################################
Iteration:									9

################################################################################
Iteration:									54

################################################################################
Iteration:									55

################################################################################
Iteration:									10

################################################################################
Iteration:									11

################################################################################
Iteration:									58

################################################################################
Iteration:									56

################################################################################
Iteration:									12

################################################################################
Iteration:									59

################################################################################
Iteration:									57

################################################################################
Iteration:									13

################################################################################
Iteration:									60

################################################################################
Iteration:									58

################################################################################
Iteration:									14

################################################################################
Iteration:									61

################################################################################
Iteration:									15

################################################################################
Iteration:									59

################################################################################
Iteration:									16

################################################################################
Iteration:									62

################################################################################
Iteration:									60

################################################################################
Iteration:									17

################################################################################
Iteration:									63

################################################################################
Iteration:									18

################################################################################
Iteration:									64

################################################################################
Iteration:									61

################################################################################
Iteration:									19

################################################################################
Iteration:									65

################################################################################
Iteration:									20

################################################################################
Iteration:									62

################################################################################
Iteration:									66

################################################################################
Iteration:									63

################################################################################
Iteration:									21

################################################################################
Iteration:									22

################################################################################
Iteration:									64

################################################################################
Iteration:									23

################################################################################
Iteration:									67

################################################################################
Iteration:									65

################################################################################
Iteration:									24

################################################################################
Iteration:									68

################################################################################
Iteration:									66

################################################################################
Iteration:									25

################################################################################
Iteration:									69

################################################################################
Iteration:									26

################################################################################
Iteration:									67

################################################################################
Iteration:									27

################################################################################
Iteration:									68

################################################################################
Iteration:									28

################################################################################
Iteration:									69

################################################################################
Iteration:									29


################################################################################
################################################################################
Iteration:									70
Iteration:									70

################################################################################
Iteration:									30

################################################################################
Iteration:									71

################################################################################
Iteration:									71

################################################################################
Iteration:									31

################################################################################
Iteration:									72

################################################################################

Iteration:									32
################################################################################
Iteration:									72

################################################################################
Iteration:									73

################################################################################
Iteration:									73

################################################################################
Iteration:									33

################################################################################
Iteration:									74

################################################################################
Iteration:									74

################################################################################
Iteration:									34

################################################################################
Iteration:									75

################################################################################
Iteration:									75

################################################################################
Iteration:									35

################################################################################
Iteration:									76

################################################################################
Iteration:									76

################################################################################
Iteration:									36

################################################################################
Iteration:									77

################################################################################
Iteration:									37

################################################################################
Iteration:									77

################################################################################

Iteration:									78
################################################################################
Iteration:									38

################################################################################
Iteration:									78

################################################################################
Iteration:									39

################################################################################
Iteration:									79

################################################################################
Iteration:									79

################################################################################
Iteration:									80

################################################################################
Iteration:									40

################################################################################
Iteration:									80

################################################################################
Iteration:									41

################################################################################
Iteration:									81

################################################################################
Iteration:									42

################################################################################
Iteration:									81

################################################################################
Iteration:									82

################################################################################
Iteration:									82

################################################################################
Iteration:									83

################################################################################
Iteration:									43

################################################################################
Iteration:									44

################################################################################
Iteration:									84

################################################################################
Iteration:									83

################################################################################
Iteration:									45

################################################################################
Iteration:									84

################################################################################
Iteration:									85

################################################################################
Iteration:									46

################################################################################
Iteration:									85

################################################################################
Iteration:									86

################################################################################
Iteration:									47

################################################################################
Iteration:									87

################################################################################
Iteration:									86

################################################################################
Iteration:									48

################################################################################
Iteration:									87

################################################################################
Iteration:									49

################################################################################
Iteration:									88

################################################################################
Iteration:									88
 
********************************************************************************
Iteration:						50
Time Elapsed:						00:00:49
********************************************************************************
 

################################################################################
Iteration:									50

################################################################################
Iteration:									89

################################################################################
Iteration:									89

################################################################################
Iteration:									51

################################################################################
Iteration:									90

################################################################################
Iteration:									90

################################################################################
Iteration:									52

################################################################################
Iteration:									91

################################################################################
Iteration:									91

################################################################################
Iteration:									92

################################################################################
Iteration:									53

################################################################################
Iteration:									92

################################################################################
Iteration:									93

################################################################################
Iteration:									54

################################################################################
Iteration:									93

################################################################################
Iteration:									94

################################################################################
Iteration:									55

################################################################################
Iteration:									94

################################################################################
Iteration:									95

################################################################################
Iteration:									56

################################################################################
Iteration:									96

################################################################################
Iteration:									95

################################################################################
Iteration:									57

################################################################################
Iteration:									97

################################################################################
Iteration:									58

################################################################################
Iteration:									96


################################################################################
################################################################################
Iteration:									98
Iteration:									59

################################################################################

Iteration:									60
################################################################################
Iteration:									99

################################################################################
Iteration:									61
 
********************************************************************************
Iteration:						100
Time Elapsed:						00:00:51
********************************************************************************
 

################################################################################
Iteration:									100

################################################################################
Iteration:									97

################################################################################
Iteration:									62

################################################################################
Iteration:									101
Reduce matrix to yes/no vector:			00:00:51

################################################################################
Iteration:									98

################################################################################
Iteration:									63

################################################################################
Iteration:									102

################################################################################
Iteration:									99

################################################################################
Iteration:									64

################################################################################
Iteration:									103
 
********************************************************************************
Iteration:						100
Time Elapsed:						00:00:51
********************************************************************************
 

################################################################################
Iteration:									100

################################################################################
Iteration:									65

################################################################################
Iteration:									104

################################################################################
Iteration:									101

################################################################################
Iteration:									66

################################################################################
Iteration:									105

################################################################################
Iteration:									102

################################################################################
Iteration:									67

################################################################################
Iteration:									106

################################################################################
Iteration:									103

################################################################################
Iteration:									107

################################################################################
Iteration:									104

################################################################################
Iteration:									68

################################################################################
Iteration:									108
Reduce comparison network - simple features - 4 - Complete:		00:00:52
Cluster Sub-network processing - 4 - Complete:					00:00:52

################################################################################
Iteration:									69

################################################################################
Iteration:									109

################################################################################
Iteration:									105

################################################################################
Iteration:									70

################################################################################
Iteration:									110

################################################################################
Iteration:									106
Compare Parallel Segments - Start:						00:00:52
Cluster Sub-network Size:							2182
Comparison Network Size:							2450


################################################################################
Iteration:									1

################################################################################
Iteration:									71

################################################################################
Iteration:									111

################################################################################
Iteration:									107

################################################################################
Iteration:									72

################################################################################
Iteration:									112

################################################################################
Iteration:									73

################################################################################
Iteration:									2

################################################################################
Iteration:									108

################################################################################
Iteration:									113
Reduce matrix to yes/no vector:			00:00:53

################################################################################
Iteration:									74

################################################################################
Iteration:									109

################################################################################
Iteration:									3

################################################################################
Iteration:									75

################################################################################
Iteration:									110

################################################################################
Iteration:									114

################################################################################
Iteration:									4


################################################################################
################################################################################
Iteration:									111
Iteration:									76

################################################################################
Iteration:									115

################################################################################
Iteration:									5

################################################################################
Iteration:									112

################################################################################
Iteration:									116

################################################################################
Iteration:									77

################################################################################
Iteration:									78

################################################################################
Iteration:									117

################################################################################
Iteration:									6

################################################################################
Iteration:									113

################################################################################
Iteration:									114

################################################################################
Iteration:									118

################################################################################
Iteration:									7

################################################################################
Iteration:									79

################################################################################
Iteration:									119

################################################################################
Iteration:									80

################################################################################
Iteration:									8

################################################################################
Iteration:									115

################################################################################
Iteration:									81
Reduce comparison network - simple features - 5 - Complete:		00:00:54

################################################################################
Cluster Sub-network processing - 5 - Complete:					00:00:54
Iteration:									120

################################################################################
Iteration:									9

################################################################################
Iteration:									116

################################################################################
Iteration:									82

################################################################################
Iteration:									10

################################################################################
Iteration:									121
Compare Parallel Segments - Start:						00:00:54
Cluster Sub-network Size:							2457
Comparison Network Size:							2611


################################################################################
Iteration:									117

################################################################################
Iteration:									1

################################################################################
Iteration:									11

################################################################################

################################################################################
Iteration:									122
Iteration:									83

################################################################################
Iteration:									118

################################################################################
Iteration:									2

################################################################################
Iteration:									12

################################################################################
Iteration:									84

################################################################################
Iteration:									123

################################################################################
Iteration:									13

################################################################################

Iteration:									85
################################################################################
Iteration:									124

################################################################################
Iteration:									119

################################################################################
Iteration:									3

################################################################################
Iteration:									14

################################################################################
Iteration:									86
